[I 12:04:28.787 NotebookApp] The port 8888 is already in use, trying another port.
[I 12:04:28.788 NotebookApp] The port 8889 is already in use, trying another port.
[I 12:04:28.788 NotebookApp] The port 8890 is already in use, trying another port.
[I 12:04:28.788 NotebookApp] The port 8891 is already in use, trying another port.
[I 12:04:28.789 NotebookApp] The port 8892 is already in use, trying another port.
[I 12:04:28.829 NotebookApp] JupyterLab alpha preview extension loaded from /home/liam/anaconda3/lib/python3.6/site-packages/jupyterlab
JupyterLab v0.27.0
Known labextensions:
[I 12:04:28.831 NotebookApp] Running the core application with no additional extensions or settings
[I 12:04:28.836 NotebookApp] Serving notebooks from local directory: /home/liam/software/repos/polyhts
[I 12:04:28.836 NotebookApp] 0 active kernels 
[I 12:04:28.836 NotebookApp] The Jupyter Notebook is running at: http://localhost:8971/?token=659505c5537fe075d9a39656b8a3c2299326db15ee36f627
[I 12:04:28.836 NotebookApp] Use Control-C to stop this server and shut down all kernels (twice to skip confirmation).
[C 12:04:28.837 NotebookApp] 
    
    Copy/paste this URL into your browser when you connect for the first time,
    to login with a token:
        http://localhost:8971/?token=659505c5537fe075d9a39656b8a3c2299326db15ee36f627
[I 12:04:29.233 NotebookApp] Accepting one-time-token-authenticated connection from ::1
[I 12:04:31.330 NotebookApp] Kernel started: c99dd8e3-4c7f-46b6-a619-32ad76558513
[I 12:04:32.768 NotebookApp] Adapting to protocol v5.1 for kernel c99dd8e3-4c7f-46b6-a619-32ad76558513
1 molecule converted
16 audit log messages 
rm: cannot remove ‘charges’: No such file or directory
rm: cannot remove ‘charges3’: No such file or directory
rm: cannot remove ‘energy’: No such file or directory
rm: cannot remove ‘tda.dat’: No such file or directory
rm: cannot remove ‘wfn.xtb’: No such file or directory
rm: cannot remove ‘wbo’: No such file or directory
rm: cannot remove ‘xtbopt*’: No such file or directory
rm: cannot remove ‘xtbrestart’: No such file or directory
1 molecule converted
16 audit log messages 
rm: cannot remove ‘charges’: No such file or directory
rm: cannot remove ‘charges3’: No such file or directory
rm: cannot remove ‘energy’: No such file or directory
rm: cannot remove ‘tda.dat’: No such file or directory
rm: cannot remove ‘wfn.xtb’: No such file or directory
rm: cannot remove ‘wbo’: No such file or directory
rm: cannot remove ‘xtbopt*’: No such file or directory
rm: cannot remove ‘xtbrestart’: No such file or directory
1 molecule converted
16 audit log messages 
rm: cannot remove ‘charges’: No such file or directory
rm: cannot remove ‘charges3’: No such file or directory
rm: cannot remove ‘energy’: No such file or directory
rm: cannot remove ‘tda.dat’: No such file or directory
rm: cannot remove ‘wfn.xtb’: No such file or directory
rm: cannot remove ‘wbo’: No such file or directory
rm: cannot remove ‘xtbopt*’: No such file or directory
rm: cannot remove ‘xtbrestart’: No such file or directory
1 molecule converted
16 audit log messages 
rm: cannot remove ‘charges’: No such file or directory
rm: cannot remove ‘charges3’: No such file or directory
rm: cannot remove ‘energy’: No such file or directory
rm: cannot remove ‘tda.dat’: No such file or directory
rm: cannot remove ‘wfn.xtb’: No such file or directory
rm: cannot remove ‘wbo’: No such file or directory
rm: cannot remove ‘xtbopt*’: No such file or directory
rm: cannot remove ‘xtbrestart’: No such file or directory
1 molecule converted
16 audit log messages 
rm: cannot remove ‘charges’: No such file or directory
rm: cannot remove ‘charges3’: No such file or directory
rm: cannot remove ‘energy’: No such file or directory
rm: cannot remove ‘tda.dat’: No such file or directory
rm: cannot remove ‘wfn.xtb’: No such file or directory
rm: cannot remove ‘wbo’: No such file or directory
rm: cannot remove ‘xtbopt*’: No such file or directory
rm: cannot remove ‘xtbrestart’: No such file or directory
1 molecule converted
16 audit log messages 
1 molecule converted
16 audit log messages 
rm: cannot remove ‘charges’: No such file or directory
rm: cannot remove ‘charges3’: No such file or directory
rm: cannot remove ‘energy’: No such file or directory
rm: cannot remove ‘tda.dat’: No such file or directory
rm: cannot remove ‘wfn.xtb’: No such file or directory
rm: cannot remove ‘wbo’: No such file or directory
rm: cannot remove ‘xtbopt*’: No such file or directory
rm: cannot remove ‘xtbrestart’: No such file or directory
rm: cannot remove ‘charges’: No such file or directory
rm: cannot remove ‘charges3’: No such file or directory
rm: cannot remove ‘energy’: No such file or directory
rm: cannot remove ‘tda.dat’: No such file or directory
rm: cannot remove ‘wfn.xtb’: No such file or directory
rm: cannot remove ‘wbo’: No such file or directory
rm: cannot remove ‘xtbopt*’: No such file or directory
rm: cannot remove ‘xtbrestart’: No such file or directory
1 molecule converted
16 audit log messages 
rm: cannot remove ‘charges’: No such file or directory
rm: cannot remove ‘charges3’: No such file or directory
rm: cannot remove ‘energy’: No such file or directory
rm: cannot remove ‘tda.dat’: No such file or directory
rm: cannot remove ‘wfn.xtb’: No such file or directory
rm: cannot remove ‘wbo’: No such file or directory
rm: cannot remove ‘xtbopt*’: No such file or directory
rm: cannot remove ‘xtbrestart’: No such file or directory
1 molecule converted
16 audit log messages 
rm: cannot remove ‘charges’: No such file or directory
rm: cannot remove ‘charges3’: No such file or directory
rm: cannot remove ‘energy’: No such file or directory
rm: cannot remove ‘tda.dat’: No such file or directory
rm: cannot remove ‘wfn.xtb’: No such file or directory
rm: cannot remove ‘wbo’: No such file or directory
rm: cannot remove ‘xtbopt*’: No such file or directory
rm: cannot remove ‘xtbrestart’: No such file or directory
1 molecule converted
16 audit log messages 
rm: cannot remove ‘charges’: No such file or directory
rm: cannot remove ‘charges3’: No such file or directory
rm: cannot remove ‘energy’: No such file or directory
rm: cannot remove ‘tda.dat’: No such file or directory
rm: cannot remove ‘wfn.xtb’: No such file or directory
rm: cannot remove ‘wbo’: No such file or directory
rm: cannot remove ‘xtbopt*’: No such file or directory
rm: cannot remove ‘xtbrestart’: No such file or directory
1 molecule converted
16 audit log messages 
1 molecule converted
16 audit log messages 
rm: cannot remove ‘charges’: No such file or directory
rm: cannot remove ‘charges3’: No such file or directory
rm: cannot remove ‘energy’: No such file or directory
rm: cannot remove ‘tda.dat’: No such file or directory
rm: cannot remove ‘wfn.xtb’: No such file or directory
rm: cannot remove ‘wbo’: No such file or directory
rm: cannot remove ‘xtbopt*’: No such file or directory
rm: cannot remove ‘xtbrestart’: No such file or directory
1 molecule converted
16 audit log messages 
rm: cannot remove ‘charges’: No such file or directory
rm: cannot remove ‘charges3’: No such file or directory
rm: cannot remove ‘energy’: No such file or directory
rm: cannot remove ‘tda.dat’: No such file or directory
rm: cannot remove ‘wfn.xtb’: No such file or directory
rm: cannot remove ‘wbo’: No such file or directory
rm: cannot remove ‘xtbopt*’: No such file or directory
rm: cannot remove ‘xtbrestart’: No such file or directory
1 molecule converted
16 audit log messages 
rm: cannot remove ‘charges’: No such file or directory
rm: cannot remove ‘charges3’: No such file or directory
rm: cannot remove ‘energy’: No such file or directory
rm: cannot remove ‘tda.dat’: No such file or directory
rm: cannot remove ‘wfn.xtb’: No such file or directory
rm: cannot remove ‘wbo’: No such file or directory
rm: cannot remove ‘xtbopt*’: No such file or directory
rm: cannot remove ‘xtbrestart’: No such file or directory
1 molecule converted
16 audit log messages 
rm: cannot remove ‘charges’: No such file or directory
rm: cannot remove ‘charges3’: No such file or directory
rm: cannot remove ‘energy’: No such file or directory
rm: cannot remove ‘tda.dat’: No such file or directory
rm: cannot remove ‘wfn.xtb’: No such file or directory
rm: cannot remove ‘wbo’: No such file or directory
rm: cannot remove ‘xtbopt*’: No such file or directory
rm: cannot remove ‘xtbrestart’: No such file or directory
1 molecule converted
16 audit log messages 
rm: cannot remove ‘charges’: No such file or directory
rm: cannot remove ‘charges3’: No such file or directory
rm: cannot remove ‘energy’: No such file or directory
rm: cannot remove ‘tda.dat’: No such file or directory
rm: cannot remove ‘wfn.xtb’: No such file or directory
rm: cannot remove ‘wbo’: No such file or directory
rm: cannot remove ‘xtbopt*’: No such file or directory
rm: cannot remove ‘xtbrestart’: No such file or directory
1 molecule converted
16 audit log messages 
rm: cannot remove ‘charges’: No such file or directory
rm: cannot remove ‘charges3’: No such file or directory
rm: cannot remove ‘energy’: No such file or directory
rm: cannot remove ‘tda.dat’: No such file or directory
rm: cannot remove ‘wfn.xtb’: No such file or directory
rm: cannot remove ‘wbo’: No such file or directory
rm: cannot remove ‘xtbopt*’: No such file or directory
rm: cannot remove ‘xtbrestart’: No such file or directory
1 molecule converted
16 audit log messages 
rm: cannot remove ‘charges’: No such file or directory
rm: cannot remove ‘charges3’: No such file or directory
rm: cannot remove ‘energy’: No such file or directory
rm: cannot remove ‘tda.dat’: No such file or directory
rm: cannot remove ‘wfn.xtb’: No such file or directory
rm: cannot remove ‘wbo’: No such file or directory
rm: cannot remove ‘xtbopt*’: No such file or directory
rm: cannot remove ‘xtbrestart’: No such file or directory
1 molecule converted
16 audit log messages 
rm: cannot remove ‘charges’: No such file or directory
rm: cannot remove ‘charges3’: No such file or directory
rm: cannot remove ‘energy’: No such file or directory
rm: cannot remove ‘tda.dat’: No such file or directory
rm: cannot remove ‘wfn.xtb’: No such file or directory
rm: cannot remove ‘wbo’: No such file or directory
rm: cannot remove ‘xtbopt*’: No such file or directory
rm: cannot remove ‘xtbrestart’: No such file or directory
1 molecule converted
16 audit log messages 
rm: cannot remove ‘charges’: No such file or directory
rm: cannot remove ‘charges3’: No such file or directory
rm: cannot remove ‘energy’: No such file or directory
rm: cannot remove ‘tda.dat’: No such file or directory
rm: cannot remove ‘wfn.xtb’: No such file or directory
rm: cannot remove ‘wbo’: No such file or directory
rm: cannot remove ‘xtbopt*’: No such file or directory
rm: cannot remove ‘xtbrestart’: No such file or directory
1 molecule converted
16 audit log messages 
rm: cannot remove ‘charges’: No such file or directory
rm: cannot remove ‘charges3’: No such file or directory
rm: cannot remove ‘energy’: No such file or directory
rm: cannot remove ‘tda.dat’: No such file or directory
rm: cannot remove ‘wfn.xtb’: No such file or directory
rm: cannot remove ‘wbo’: No such file or directory
rm: cannot remove ‘xtbopt*’: No such file or directory
rm: cannot remove ‘xtbrestart’: No such file or directory
1 molecule converted
16 audit log messages 
[I 12:06:31.354 NotebookApp] Saving file at /test-notebook.ipynb
1 molecule converted
16 audit log messages 
rm: cannot remove ‘charges’: No such file or directory
rm: cannot remove ‘charges3’: No such file or directory
rm: cannot remove ‘energy’: No such file or directory
rm: cannot remove ‘tda.dat’: No such file or directory
rm: cannot remove ‘wfn.xtb’: No such file or directory
rm: cannot remove ‘wbo’: No such file or directory
rm: cannot remove ‘xtbopt*’: No such file or directory
rm: cannot remove ‘xtbrestart’: No such file or directory
1 molecule converted
16 audit log messages 
rm: cannot remove ‘charges’: No such file or directory
rm: cannot remove ‘charges3’: No such file or directory
rm: cannot remove ‘energy’: No such file or directory
rm: cannot remove ‘tda.dat’: No such file or directory
rm: cannot remove ‘wfn.xtb’: No such file or directory
rm: cannot remove ‘wbo’: No such file or directory
rm: cannot remove ‘xtbopt*’: No such file or directory
rm: cannot remove ‘xtbrestart’: No such file or directory
1 molecule converted
16 audit log messages 
rm: cannot remove ‘charges’: No such file or directory
rm: cannot remove ‘charges3’: No such file or directory
rm: cannot remove ‘energy’: No such file or directory
rm: cannot remove ‘tda.dat’: No such file or directory
rm: cannot remove ‘wfn.xtb’: No such file or directory
rm: cannot remove ‘wbo’: No such file or directory
rm: cannot remove ‘xtbopt*’: No such file or directory
rm: cannot remove ‘xtbrestart’: No such file or directory
1 molecule converted
16 audit log messages 
rm: cannot remove ‘charges’: No such file or directory
rm: cannot remove ‘charges3’: No such file or directory
rm: cannot remove ‘energy’: No such file or directory
rm: cannot remove ‘tda.dat’: No such file or directory
rm: cannot remove ‘wfn.xtb’: No such file or directory
rm: cannot remove ‘wbo’: No such file or directory
rm: cannot remove ‘xtbopt*’: No such file or directory
rm: cannot remove ‘xtbrestart’: No such file or directory
1 molecule converted
16 audit log messages 
rm: cannot remove ‘charges’: No such file or directory
rm: cannot remove ‘charges3’: No such file or directory
rm: cannot remove ‘energy’: No such file or directory
rm: cannot remove ‘tda.dat’: No such file or directory
rm: cannot remove ‘wfn.xtb’: No such file or directory
rm: cannot remove ‘wbo’: No such file or directory
rm: cannot remove ‘xtbopt*’: No such file or directory
rm: cannot remove ‘xtbrestart’: No such file or directory
1 molecule converted
16 audit log messages 
rm: cannot remove ‘charges’: No such file or directory
rm: cannot remove ‘charges3’: No such file or directory
rm: cannot remove ‘energy’: No such file or directory
rm: cannot remove ‘tda.dat’: No such file or directory
rm: cannot remove ‘wfn.xtb’: No such file or directory
rm: cannot remove ‘wbo’: No such file or directory
rm: cannot remove ‘xtbopt*’: No such file or directory
rm: cannot remove ‘xtbrestart’: No such file or directory
1 molecule converted
16 audit log messages 
rm: cannot remove ‘charges’: No such file or directory
rm: cannot remove ‘charges3’: No such file or directory
rm: cannot remove ‘energy’: No such file or directory
rm: cannot remove ‘tda.dat’: No such file or directory
rm: cannot remove ‘wfn.xtb’: No such file or directory
rm: cannot remove ‘wbo’: No such file or directory
rm: cannot remove ‘xtbopt*’: No such file or directory
rm: cannot remove ‘xtbrestart’: No such file or directory
1 molecule converted
16 audit log messages 
rm: cannot remove ‘charges’: No such file or directory
rm: cannot remove ‘charges3’: No such file or directory
rm: cannot remove ‘energy’: No such file or directory
rm: cannot remove ‘tda.dat’: No such file or directory
rm: cannot remove ‘wfn.xtb’: No such file or directory
rm: cannot remove ‘wbo’: No such file or directory
rm: cannot remove ‘xtbopt*’: No such file or directory
rm: cannot remove ‘xtbrestart’: No such file or directory
1 molecule converted
16 audit log messages 
rm: cannot remove ‘charges’: No such file or directory
rm: cannot remove ‘charges3’: No such file or directory
rm: cannot remove ‘energy’: No such file or directory
rm: cannot remove ‘tda.dat’: No such file or directory
rm: cannot remove ‘wfn.xtb’: No such file or directory
rm: cannot remove ‘wbo’: No such file or directory
rm: cannot remove ‘xtbopt*’: No such file or directory
rm: cannot remove ‘xtbrestart’: No such file or directory
1 molecule converted
16 audit log messages 
rm: cannot remove ‘charges’: No such file or directory
rm: cannot remove ‘charges3’: No such file or directory
rm: cannot remove ‘energy’: No such file or directory
rm: cannot remove ‘tda.dat’: No such file or directory
rm: cannot remove ‘wfn.xtb’: No such file or directory
rm: cannot remove ‘wbo’: No such file or directory
rm: cannot remove ‘xtbopt*’: No such file or directory
rm: cannot remove ‘xtbrestart’: No such file or directory
1 molecule converted
16 audit log messages 
1 molecule converted
16 audit log messages 
rm: cannot remove ‘charges’: No such file or directory
rm: cannot remove ‘charges3’: No such file or directory
rm: cannot remove ‘energy’: No such file or directory
rm: cannot remove ‘tda.dat’: No such file or directory
rm: cannot remove ‘wfn.xtb’: No such file or directory
rm: cannot remove ‘wbo’: No such file or directory
rm: cannot remove ‘xtbopt*’: No such file or directory
rm: cannot remove ‘xtbrestart’: No such file or directory
1 molecule converted
16 audit log messages 
rm: cannot remove ‘charges’: No such file or directory
rm: cannot remove ‘charges3’: No such file or directory
rm: cannot remove ‘energy’: No such file or directory
rm: cannot remove ‘tda.dat’: No such file or directory
rm: cannot remove ‘wfn.xtb’: No such file or directory
rm: cannot remove ‘wbo’: No such file or directory
rm: cannot remove ‘xtbopt*’: No such file or directory
rm: cannot remove ‘xtbrestart’: No such file or directory
1 molecule converted
16 audit log messages 
rm: cannot remove ‘charges’: No such file or directory
rm: cannot remove ‘charges3’: No such file or directory
rm: cannot remove ‘energy’: No such file or directory
rm: cannot remove ‘tda.dat’: No such file or directory
rm: cannot remove ‘wfn.xtb’: No such file or directory
rm: cannot remove ‘wbo’: No such file or directory
rm: cannot remove ‘xtbopt*’: No such file or directory
rm: cannot remove ‘xtbrestart’: No such file or directory
1 molecule converted
16 audit log messages 
rm: cannot remove ‘charges’: No such file or directory
rm: cannot remove ‘charges3’: No such file or directory
rm: cannot remove ‘energy’: No such file or directory
rm: cannot remove ‘tda.dat’: No such file or directory
rm: cannot remove ‘wfn.xtb’: No such file or directory
rm: cannot remove ‘wbo’: No such file or directory
rm: cannot remove ‘xtbopt*’: No such file or directory
rm: cannot remove ‘xtbrestart’: No such file or directory
1 molecule converted
16 audit log messages 
1 molecule converted
16 audit log messages 
rm: cannot remove ‘charges’: No such file or directory
rm: cannot remove ‘charges3’: No such file or directory
rm: cannot remove ‘energy’: No such file or directory
rm: cannot remove ‘tda.dat’: No such file or directory
rm: cannot remove ‘wfn.xtb’: No such file or directory
rm: cannot remove ‘wbo’: No such file or directory
rm: cannot remove ‘xtbopt*’: No such file or directory
rm: cannot remove ‘xtbrestart’: No such file or directory
rm: cannot remove ‘charges’: No such file or directory
rm: cannot remove ‘charges3’: No such file or directory
rm: cannot remove ‘energy’: No such file or directory
rm: cannot remove ‘tda.dat’: No such file or directory
rm: cannot remove ‘wfn.xtb’: No such file or directory
rm: cannot remove ‘wbo’: No such file or directory
rm: cannot remove ‘xtbopt*’: No such file or directory
rm: cannot remove ‘xtbrestart’: No such file or directory
1 molecule converted
16 audit log messages 
rm: cannot remove ‘charges’: No such file or directory
rm: cannot remove ‘charges3’: No such file or directory
rm: cannot remove ‘energy’: No such file or directory
rm: cannot remove ‘tda.dat’: No such file or directory
rm: cannot remove ‘wfn.xtb’: No such file or directory
rm: cannot remove ‘wbo’: No such file or directory
rm: cannot remove ‘xtbopt*’: No such file or directory
rm: cannot remove ‘xtbrestart’: No such file or directory
1 molecule converted
16 audit log messages 
rm: cannot remove ‘charges’: No such file or directory
rm: cannot remove ‘charges3’: No such file or directory
rm: cannot remove ‘energy’: No such file or directory
rm: cannot remove ‘tda.dat’: No such file or directory
rm: cannot remove ‘wfn.xtb’: No such file or directory
rm: cannot remove ‘wbo’: No such file or directory
rm: cannot remove ‘xtbopt*’: No such file or directory
rm: cannot remove ‘xtbrestart’: No such file or directory
1 molecule converted
16 audit log messages 
rm: cannot remove ‘charges’: No such file or directory
rm: cannot remove ‘charges3’: No such file or directory
rm: cannot remove ‘energy’: No such file or directory
rm: cannot remove ‘tda.dat’: No such file or directory
rm: cannot remove ‘wfn.xtb’: No such file or directory
rm: cannot remove ‘wbo’: No such file or directory
rm: cannot remove ‘xtbopt*’: No such file or directory
rm: cannot remove ‘xtbrestart’: No such file or directory
1 molecule converted
16 audit log messages 
rm: cannot remove ‘charges’: No such file or directory
rm: cannot remove ‘charges3’: No such file or directory
rm: cannot remove ‘energy’: No such file or directory
rm: cannot remove ‘tda.dat’: No such file or directory
rm: cannot remove ‘wfn.xtb’: No such file or directory
rm: cannot remove ‘wbo’: No such file or directory
rm: cannot remove ‘xtbopt*’: No such file or directory
rm: cannot remove ‘xtbrestart’: No such file or directory
1 molecule converted
16 audit log messages 
[I 12:07:43.003 NotebookApp] Kernel restarted: c99dd8e3-4c7f-46b6-a619-32ad76558513
[I 12:07:44.352 NotebookApp] Adapting to protocol v5.1 for kernel c99dd8e3-4c7f-46b6-a619-32ad76558513
1 molecule converted
16 audit log messages 
[I 12:08:31.352 NotebookApp] Saving file at /test-notebook.ipynb
1 molecule converted
16 audit log messages 
[I 12:10:31.355 NotebookApp] Saving file at /test-notebook.ipynb
1 molecule converted
16 audit log messages 
1 molecule converted
16 audit log messages 
[I 12:12:02.238 NotebookApp] Kernel restarted: c99dd8e3-4c7f-46b6-a619-32ad76558513
[I 12:12:03.665 NotebookApp] Adapting to protocol v5.1 for kernel c99dd8e3-4c7f-46b6-a619-32ad76558513
1 molecule converted
16 audit log messages 
[I 12:12:31.331 NotebookApp] Saving file at /test-notebook.ipynb
[I 12:13:02.634 NotebookApp] Kernel restarted: c99dd8e3-4c7f-46b6-a619-32ad76558513
[I 12:13:04.321 NotebookApp] Adapting to protocol v5.1 for kernel c99dd8e3-4c7f-46b6-a619-32ad76558513
1 molecule converted
16 audit log messages 
[I 12:13:37.779 NotebookApp] Kernel restarted: c99dd8e3-4c7f-46b6-a619-32ad76558513
[I 12:13:39.346 NotebookApp] Adapting to protocol v5.1 for kernel c99dd8e3-4c7f-46b6-a619-32ad76558513
1 molecule converted
16 audit log messages 
1 molecule converted
16 audit log messages 
[I 12:14:31.344 NotebookApp] Saving file at /test-notebook.ipynb
1 molecule converted
16 audit log messages 
1 molecule converted
16 audit log messages 
1 molecule converted
16 audit log messages 
1 molecule converted
16 audit log messages 
1 molecule converted
16 audit log messages 
1 molecule converted
16 audit log messages 
1 molecule converted
16 audit log messages 
1 molecule converted
16 audit log messages 
1 molecule converted
16 audit log messages 
1 molecule converted
16 audit log messages 
1 molecule converted
16 audit log messages 
1 molecule converted
16 audit log messages 
1 molecule converted
16 audit log messages 
1 molecule converted
16 audit log messages 
1 molecule converted
16 audit log messages 
1 molecule converted
16 audit log messages 
1 molecule converted
16 audit log messages 
1 molecule converted
16 audit log messages 
1 molecule converted
16 audit log messages 
1 molecule converted
16 audit log messages 
1 molecule converted
16 audit log messages 
1 molecule converted
16 audit log messages 
[I 12:16:31.334 NotebookApp] Saving file at /test-notebook.ipynb
1 molecule converted
16 audit log messages 
1 molecule converted
16 audit log messages 
1 molecule converted
16 audit log messages 
1 molecule converted
16 audit log messages 
1 molecule converted
16 audit log messages 
1 molecule converted
16 audit log messages 
1 molecule converted
16 audit log messages 
1 molecule converted
16 audit log messages 
1 molecule converted
16 audit log messages 
1 molecule converted
16 audit log messages 
1 molecule converted
16 audit log messages 
[I 12:17:39.199 NotebookApp] Saving file at /test-notebook.ipynb
1 molecule converted
16 audit log messages 
1 molecule converted
16 audit log messages 
1 molecule converted
16 audit log messages 
1 molecule converted
16 audit log messages 
1 molecule converted
16 audit log messages 
1 molecule converted
16 audit log messages 
1 molecule converted
16 audit log messages 
1 molecule converted
16 audit log messages 
1 molecule converted
16 audit log messages 
1 molecule converted
16 audit log messages 
1 molecule converted
16 audit log messages 
[I 12:18:31.337 NotebookApp] Saving file at /test-notebook.ipynb
1 molecule converted
16 audit log messages 
1 molecule converted
16 audit log messages 
1 molecule converted
16 audit log messages 
1 molecule converted
16 audit log messages 
1 molecule converted
16 audit log messages 
[I 12:20:26.678 NotebookApp] Saving file at /test-notebook.ipynb
