   72
 SCF done    -116.52801448      0.00000000
N          7.616396257844    3.586098238046    0.595099707610
C          8.179395981226    2.580898731930    0.383299811674
C          8.869495642160    1.355199334151    0.098299951702
C         10.189094993802    1.343099340096   -0.331899836928
C         10.836894675520    0.162099920356   -0.617099696801
C         10.183694996455   -1.038999489509   -0.480799763769
C          8.871195641324   -1.013899501842   -0.052299974304
C          8.211995965208    0.177399912838    0.238699882720
H         10.708794738459    2.286398876626   -0.449299779246
H         10.671494756785   -2.002999015869   -0.690399660787
H          8.337895903350   -1.965499034293    0.063699968702
C          6.841796638427    0.093799953913    0.760499626344
C          6.589296762487    0.019399990468    2.113198961724
C          5.298597396646   -0.088299956616    2.578998732863
C          4.214097929492   -0.124599938780    1.706599161498
C          2.932098559375   -0.218699892546    2.176298930721
C          1.860499085883   -0.237399883359    1.282199370018
C          2.049398993071   -0.162199920306   -0.080299960546
C          0.985799515648   -0.171199915885   -0.953999531272
C          1.275799373163   -0.086499957500   -2.320398859921
C          2.562898740774    0.001699999165   -2.787698630323
C          3.611498225566    0.011299994448   -1.877799077383
C          4.924097580648    0.112299944824   -2.310298864883
C          5.988497057678    0.135699933327   -1.442899291062
C          5.763797168079    0.056099972436   -0.101399950179
C          4.447897814619   -0.051499974697    0.365199820567
C          3.369398344517   -0.069499965853   -0.532699738269
H          7.409996359254    0.041799979462    2.811898618433
H          5.038597524391   -0.153299924679    3.636098213480
H          2.740398653563   -0.279099862870    3.243198406523
H          0.851999581388   -0.341299832309    1.653099187784
H          0.456699775610   -0.093699953962   -3.040198506262
H          2.778398634892    0.065499967818   -3.846298110202
H          5.066697510585    0.176199913428   -3.389398334690
H          7.010796555392    0.217799892989   -1.781799124550
N         -3.027498512502    2.569298737629    2.483498779785
C         -2.662398691886    1.754299138062    1.728399150787
C         -2.232198903256    0.732499640102    0.800199606839
C         -0.936799539723    0.709099651599    0.356899824645
C         -0.415499795853   -0.208099897754   -0.523399742839
C         -1.280999370608   -1.179799420330   -0.991099513044
C         -2.589298727802   -1.200499410160   -0.576499716749
C         -3.087898482826   -0.252299876038    0.320699842431
H         -0.285399859775    1.504199260943    0.747599632683
H         -0.895899559819   -1.902899065051   -1.672999178007
H         -3.288398384315   -1.961499036259   -0.929499543310
C         -4.439897818549   -0.268099868275    0.840799586891
C         -4.562397758362   -0.452599777625    2.220498909005
C         -5.802997148819   -0.544799732324    2.778798634696
C         -6.912096603887   -0.449599779099    1.942699045496
C         -8.165795987908   -0.541599733896    2.523698760034
C         -9.268695446021   -0.442599782538    1.707199161204
C         -9.181995488619   -0.255999874220    0.343899831032
C        -10.304394937152   -0.142899929789   -0.454699776593
C        -10.169495003432    0.057099971945   -1.801599114822
C         -8.940295607374    0.153799924434   -2.408198816782
C         -7.813196161150    0.036699981968   -1.590399218591
C         -6.564196774820    0.131399935439   -2.146498945363
C         -5.424297334885    0.025699987373   -1.343199340047
C         -5.542797276663   -0.172599915197    0.010999994595
C         -6.820396648941   -0.266799868913    0.578999715521
C         -7.929196104156   -0.166099918390   -0.234799884636
H         -3.671198196234   -0.520799744116    2.851998598730
H         -5.883097109464   -0.689499661229    3.849798108483
H         -8.221795960393   -0.688699661622    3.584398238881
H        -10.263694957149   -0.513099747899    2.131698952635
H        -11.084694553768    0.145199928659   -2.407398817175
H         -8.844395654492    0.314699845379   -3.467598296268
H         -6.405196852941    0.285199859873   -3.195598429910
H         -4.442497817272    0.100099950818   -1.773499128628
H         11.888194158986    0.194099904633   -0.950499532992
H        -11.272394461546   -0.216599893578    0.001399999312
   72
 SCF done    -116.57241092      0.23306015
N          7.624174933006    3.566284244941    0.590568740341
C          8.193144530306    2.589688480115    0.384108237907
C          8.879050631133    1.366442493690    0.102353508541
C         10.203510524791    1.358711336651   -0.338507293533
C         10.849623238891    0.169153139837   -0.619971559059
C         10.185246675497   -1.040685476437   -0.481368178573
C          8.871968192671   -1.031745626711   -0.045782040063
C          8.218066768229    0.159413989595    0.260353964994
H         10.722985101033    2.300134836103   -0.453528384203
H         10.672541456880   -1.990907304341   -0.693063823780
H          8.337352233246   -1.971410656162    0.066734739685
C          6.842416511169    0.088864897149    0.779268106643
C          6.594508504588    0.017711133429    2.141317795842
C          5.302858674083   -0.088104608797    2.611389735614
C          4.212984948542   -0.122299607728    1.734706678750
C          2.897278275374   -0.223793426996    2.202014587655
C          1.847626743441   -0.246588978869    1.322175795383
C          2.044396912702   -0.157435438782   -0.067444368394
C          0.982233115933   -0.163067518756   -0.971505146692
C          1.261335547376   -0.092561858048   -2.339410962420
C          2.551721618408   -0.001522363066   -2.808897794690
C          3.618088907122    0.013542355153   -1.908192879402
C          4.948306431813    0.116282045575   -2.355456887799
C          5.997059573910    0.137899537870   -1.489406726542
C          5.770187100753    0.056379087521   -0.110758151368
C          4.449105617835   -0.049152794210    0.363441515394
C          3.371079258749   -0.068552894576   -0.537155625270
H          7.422654215725    0.040854130934    2.834163279565
H          5.063541108253   -0.152316537616    3.665219083138
H          2.715675221048   -0.283614619526    3.265246250644
H          0.837629365598   -0.347021389882    1.687558822929
H          0.441261373352   -0.092285198379   -3.048543441636
H          2.763860554610    0.065617878004   -3.866176803408
H          5.095148946793    0.179080844120   -3.424420412380
H          7.019163199869    0.219164964537   -1.825295943817
N         -3.020902320898    2.551577460867    2.465219364171
C         -2.659605221274    1.751786365397    1.722925387717
C         -2.215987365488    0.741579473828    0.807283622347
C         -0.906290159252    0.738409786912    0.366084846321
C         -0.412938244380   -0.200273684678   -0.525855429322
C         -1.283366988045   -1.179363616024   -1.000575257017
C         -2.594665417766   -1.199592821291   -0.580682014297
C         -3.072026050430   -0.251197186415    0.323177920093
H         -0.257801383406    1.523906895192    0.743872181850
H         -0.901479924504   -1.919632606453   -1.684718041664
H         -3.283712606849   -1.965004460071   -0.927863044186
C         -4.422839061096   -0.286545418070    0.851409275966
C         -4.550315627278   -0.452758027826    2.230147627371
C         -5.796756648714   -0.543962677599    2.794773317641
C         -6.921586895968   -0.453543246180    1.970751570659
C         -8.202699338810   -0.546352622409    2.543401530593
C         -9.301997403981   -0.449106689805    1.743186566015
C         -9.207413661604   -0.255817302621    0.354477800267
C        -10.332322149689   -0.143232346296   -0.458120562228
C        -10.195613714502    0.059393010403   -1.816866017553
C         -8.953366139288    0.154209497741   -2.415108657966
C         -7.810285785326    0.039692155321   -1.612411091351
C         -6.527409494255    0.134350954027   -2.167013733257
C         -5.412675519999    0.028811975853   -1.372301128688
C         -5.528153638532   -0.181178020579    0.010591877867
C         -6.810593962045   -0.266982139448    0.587801986740
C         -7.935669877386   -0.163996849580   -0.231752166858
H         -3.662768391005   -0.525419617843    2.850703013819
H         -5.890030194915   -0.691078473957    3.861797523710
H         -8.259732278749   -0.692206551737    3.608297904517
H        -10.293947171492   -0.517429363236    2.164361671072
H        -11.095548806031    0.146777107946   -2.421096130781
H         -8.851185939958    0.315597362632   -3.477344866343
H         -6.389557318676    0.290405738182   -3.223630666147
H         -4.428007038927    0.107416630925   -1.802188220441
H         11.886939471933    0.194976222341   -0.951034265942
H        -11.305273744242   -0.216376011789   -0.001339075782
   72
 SCF done    -116.58418963      0.09242596
N          7.628949155305    3.561618291391    0.589465383550
C          8.206878572587    2.585972901216    0.386011301489
C          8.892418867933    1.365587586607    0.111717489683
C         10.215808172630    1.365982665145   -0.340088722194
C         10.860208677018    0.174062085848   -0.622111789538
C         10.192154572004   -1.037053826706   -0.480150639701
C          8.880370240963   -1.041257601589   -0.034934344520
C          8.229449767487    0.148131247324    0.280759780337
H         10.734068618850    2.309133277849   -0.459907202459
H         10.681906492819   -1.978771097434   -0.701557588403
H          8.344721687059   -1.977946354056    0.074512769243
C          6.844683863284    0.086599671948    0.791328453288
C          6.597437070092    0.016960527538    2.158460255151
C          5.304530412105   -0.085796743912    2.633161787482
C          4.214777057215   -0.118256009416    1.752209433994
C          2.881022782821   -0.227822791362    2.216218458235
C          1.840734756334   -0.253397196188    1.340841306233
C          2.043386003913   -0.152885271183   -0.063183021898
C          0.985372324986   -0.156785269360   -0.984090777666
C          1.254514159358   -0.095649334949   -2.352974993785
C          2.546827145984   -0.004887363168   -2.824785005058
C          3.622002452786    0.015299797121   -1.928876465879
C          4.962466638486    0.118740346340   -2.384860462058
C          6.003506408445    0.139195410894   -1.515356681279
C          5.778233378610    0.058026523522   -0.116669713303
C          4.453045487653   -0.044513015038    0.365133013653
C          3.373004547701   -0.065346049622   -0.543180428490
H          7.430248478941    0.038426976365    2.850181529416
H          5.087869647438   -0.149896196870    3.692701441114
H          2.700512009145   -0.291790660245    3.281587935500
H          0.828872573378   -0.356736106921    1.709465342279
H          0.428902066053   -0.093054943345   -3.055565973527
H          2.750107751266    0.062364394785   -3.885521438569
H          5.119790901048    0.180738733145   -3.454029809062
H          7.025620916255    0.218692617795   -1.859722021853
N         -3.020174938580    2.551450557388    2.451996912675
C         -2.647114885551    1.743280979510    1.720470209529
C         -2.195638061251    0.745047238283    0.806892220730
C         -0.880345829875    0.759486966969    0.363948468379
C         -0.408466581652   -0.191914289261   -0.532855748272
C         -1.280904594481   -1.173437310594   -1.009539853354
C         -2.592091973768   -1.197789285572   -0.582283972834
C         -3.056119323657   -0.251338468702    0.327803678948
H         -0.227193485397    1.543587332685    0.730097841377
H         -0.905805200180   -1.923596976135   -1.694077531257
H         -3.275184419578   -1.968015131366   -0.925411328645
C         -4.412862927157   -0.300184258881    0.859551038116
C         -4.549778802928   -0.458206769476    2.237992955910
C         -5.801464347406   -0.545086169873    2.805314211727
C         -6.935943741325   -0.456479176148    1.989775772652
C         -8.234844675712   -0.548790845171    2.555259300055
C         -9.333789118398   -0.452182798612    1.762468544232
C         -9.230387174653   -0.254357838856    0.359640624874
C        -10.355239471973   -0.142383582285   -0.462169668492
C        -10.214840179422    0.060631038266   -1.825452742305
C         -8.963947471551    0.153613967487   -2.414359963675
C         -7.813622778891    0.040737882143   -1.620164341824
C         -6.511903044236    0.135219845922   -2.174123304075
C         -5.407500313831    0.028183651400   -1.384164367195
C         -5.521685426950   -0.190350790898    0.014061878439
C         -6.809728590316   -0.269292009324    0.595985316497
C         -7.946650133148   -0.162379146682   -0.227289690981
H         -3.661431206460   -0.533335504797    2.854522762221
H         -5.902274362460   -0.690449016024    3.873034365926
H         -8.301876778337   -0.695231063095    3.624434692888
H        -10.326871265722   -0.520845712826    2.187198289048
H        -11.106985535686    0.148022996222   -2.436072657556
H         -8.860096857645    0.314538883921   -3.479762280775
H         -6.387063266310    0.295328199173   -3.237439876587
H         -4.420310982194    0.113036179009   -1.818129516593
H         11.891418950799    0.195023809702   -0.956456637898
H        -11.335484862168   -0.215230606973   -0.010785164397
