   40
 SCF done     -71.99510836      0.00000000
N         -4.578097750648   -2.996898527537   -1.215799402643
C         -4.995597545518   -1.958199037880   -0.860499577212
C         -5.535697280151   -0.719099646685   -0.438199784700
C         -6.920196599907   -0.608299701125   -0.451199778312
C         -7.547896291500    0.551499729032   -0.060499970275
C         -6.778196669675    1.615599206209    0.349099828477
C         -5.400897346383    1.469299278091    0.349199828428
C         -4.747797667269    0.315099845182   -0.038499981084
H         -7.561796284670   -1.439399292781   -0.772699620350
H         -7.250696437523    2.548598747800    0.664599673463
H         -4.851797616171    2.327198856580    0.676599667567
C         -3.286998385002    0.242699880755   -0.008899995627
C         -2.478498782242    1.279699371247    0.392599807104
N         -1.121399449024    1.162799428683    0.402399802289
C         -0.508299750258    0.029399985555    0.020499989928
C         -1.312699355033   -1.012599502481   -0.382699811968
N         -2.656798694638   -0.877099569056   -0.385299810691
H         -2.923898563404    2.203298917455    0.705899653171
H         -0.874699570235   -1.943399045152   -0.698899656610
N          4.167297952486   -3.343998356997   -1.224499398368
C          3.681098191370   -2.378398831424   -0.780899616321
C          3.069598491817   -1.183099418709   -0.277299863755
C          1.666599181152   -1.166399426914   -0.324499840564
C          0.959899528374   -0.060599970225    0.043999978382
C          1.695599166903    1.041199488429    0.465599771237
C          3.059798496632    1.035199491376    0.516799746081
C          3.790998137373   -0.109399946249    0.137099932639
H          1.127299446125   -2.047498994004   -0.659199676116
H          1.170499424900    1.958599037684    0.772299620547
H          3.647898207682    1.889899071438    0.844699584975
C          5.240897424995   -0.004299997887    0.174199914411
C          6.038497033111   -1.041999488035    0.503499752616
N          7.385396371341   -0.915599550139    0.606499702009
C          7.936396100619    0.277599863607    0.375399815555
C          7.129996496826    1.348499337443    0.039299980691
N          5.810997144889    1.222099399547   -0.061899969587
H          5.702997197952   -2.048798993366    0.761899625657
H          7.656396238191    2.292798873481   -0.133799934260
H         -8.620395764550    0.677699667027   -0.056199972387
H          9.014495570917    0.366399819977    0.460599773694
   40
 SCF done     -72.01525365      0.17269519
N         -4.592426083718   -3.001849795181   -1.218719649933
C         -4.993474310859   -1.983982702464   -0.868923840882
C         -5.538690254952   -0.741154529603   -0.445946094258
C         -6.931923495037   -0.622840225569   -0.456681075650
C         -7.550773035703    0.548207371160   -0.061860696767
C         -6.769749760406    1.618263336283    0.350254207112
C         -5.389476404690    1.491108341669    0.357356293401
C         -4.733844188092    0.322393865904   -0.035414324693
H         -7.555683093007   -1.453410239259   -0.777365432225
H         -7.237630370636    2.546051737468    0.664208497257
H         -4.832065316436    2.353128530468    0.686713619149
C         -3.263421442770    0.236200331140   -0.010408049861
C         -2.442200166548    1.284139843551    0.395486309196
N         -1.109699438326    1.181066189269    0.409911105874
C         -0.525979633544    0.037289991834    0.024012329350
C         -1.342793084971   -1.014350892511   -0.384199900397
N         -2.668950029764   -0.900657056920   -0.394473754917
H         -2.873130305433    2.222187276763    0.714590642080
H         -0.914779159612   -1.955225034644   -0.704442380630
N          4.160204122888   -3.337683848882   -1.213984082198
C          3.691446524549   -2.379630136884   -0.787277838564
C          3.065612365926   -1.192404031695   -0.293623919535
C          1.659628427983   -1.173206945194   -0.324008832914
C          0.947578831469   -0.046518626961    0.053525188476
C          1.688578835787    1.066973159819    0.477256919907
C          3.060539073314    1.053035923404    0.516806610275
C          3.792042295662   -0.085346366074    0.123810750772
H          1.135242991032   -2.058338667108   -0.664274469702
H          1.161714790393    1.970658531605    0.777125309031
H          3.637174523905    1.910136855912    0.845348599600
C          5.255544790574    0.004550550332    0.177074538281
C          6.064880511872   -1.054749557139    0.514752667263
N          7.399982456388   -0.933181797396    0.611380275840
C          7.929977761768    0.259629428982    0.374474995742
C          7.119947442790    1.341012557469    0.040205128829
N          5.807467986074    1.224383185685   -0.057352642841
H          5.700076992579   -2.050622030780    0.756432085449
H          7.609783927339    2.297547162042   -0.138421172392
H         -8.627261174309    0.660882228387   -0.062598946988
H          9.006826096372    0.356406085072    0.460550820553
   40
 SCF done     -72.01901812      0.05764420
N         -4.603603865412   -3.019708502840   -1.225805947664
C         -4.989883452130   -1.992660724401   -0.872198968239
C         -5.531859863184   -0.745868805837   -0.446966281656
C         -6.926960336885   -0.627762739291   -0.457953056658
C         -7.543091543456    0.545967414379   -0.062354038572
C         -6.759596921725    1.617407119255    0.350327731673
C         -5.378473852862    1.502233997999    0.361825707929
C         -4.723077897693    0.329477435157   -0.032391374303
H         -7.539383559365   -1.463365817456   -0.780018902432
H         -7.226756153024    2.543488886262    0.663738899878
H         -4.815755147786    2.365134406553    0.691785668225
C         -3.250524979441    0.238575446547   -0.009100461451
C         -2.419257894504    1.287911875707    0.398218699130
N         -1.098038960908    1.186313727693    0.414571471896
C         -0.531920410402    0.035366182092    0.026594691578
C         -1.358767755648   -1.015697548253   -0.383933904948
N         -2.677632176233   -0.908023743342   -0.397551676765
H         -2.834082555046    2.235449324392    0.720876954985
H         -0.942762069580   -1.963291954998   -0.708117100210
N          4.166102505668   -3.337384775723   -1.207094884986
C          3.694407560368   -2.374230381661   -0.786564953605
C          3.060810778757   -1.190144227842   -0.301961159254
C          1.657145117155   -1.170603509713   -0.326600379153
C          0.942055429722   -0.039583668488    0.057171573630
C          1.680529175340    1.079891749998    0.479390582200
C          3.056847143345    1.064307905211    0.511200832153
C          3.787281906046   -0.071057060528    0.119436396883
H          1.141487507662   -2.060927433741   -0.666380794107
H          1.149348367956    1.976423986427    0.782129702384
H          3.622863098833    1.928191973017    0.840760495133
C          5.256832397730    0.005342738126    0.180583585454
C          6.070932217473   -1.063980685938    0.518693610727
N          7.399637895038   -0.944780406476    0.612969362675
C          7.921715687587    0.249366200152    0.374342133560
C          7.110687468463    1.334178595026    0.043855021242
N          5.799248832907    1.220344579108   -0.049935848548
H          5.685024649014   -2.052443096583    0.751144535072
H          7.572275133240    2.301252448622   -0.140521968453
H         -8.622223972713    0.645623996993   -0.068027599069
H          8.998720495545    0.349365094347    0.455161431758
   40
 SCF done     -72.02024081      0.02590006
N         -4.618971383034   -3.031072802613   -1.231406262959
C         -4.980548888946   -1.997092788650   -0.872769360543
C         -5.517751044624   -0.747467877907   -0.446836537716
C         -6.913409457457   -0.631398481172   -0.458456708418
C         -7.529177190458    0.543259256971   -0.062839533041
C         -6.747351574080    1.615858670328    0.350140973180
C         -5.366025375961    1.511429469055    0.365591172698
C         -4.710720126447    0.337756376007   -0.028874406586
H         -7.514317924951   -1.473806668184   -0.782304777911
H         -7.215898599739    2.540962590876    0.663022564560
H         -4.797455475683    2.372897018837    0.695371147980
C         -3.239670835659    0.243910023275   -0.005990238709
C         -2.401367933225    1.292702543193    0.402345068083
N         -1.086229952526    1.187919774600    0.418793984532
C         -0.533476641305    0.030584938006    0.028133757574
C         -1.368319329050   -1.017204132285   -0.383047938219
N         -2.684231367767   -0.910134952035   -0.398096756510
H         -2.801838729150    2.247985323266    0.726743683704
H         -0.963263159896   -1.970391831992   -0.710434823149
N          4.179543982373   -3.327842306505   -1.198020574433
C          3.695613600103   -2.369165890922   -0.782541057178
C          3.054392197774   -1.189143737048   -0.306739393517
C          1.654637081381   -1.168322813025   -0.331193526568
C          0.938369868544   -0.035335513740    0.057779387576
C          1.671107734682    1.088409509339    0.478053226137
C          3.050649939655    1.072394861910    0.504193525097
C          3.778640164513   -0.060436965709    0.119437989570
H          1.144113844110   -2.061939293672   -0.670275153183
H          1.134701359680    1.979388724235    0.783969772322
H          3.604031982901    1.946253248128    0.831509805273
C          5.251429221356    0.004445197318    0.185402727783
C          6.068834993037   -1.073738884826    0.520539450598
N          7.391596194795   -0.955701926908    0.611482681591
C          7.910676725290    0.240595444734    0.372129914476
C          7.101263950070    1.327530187709    0.048578622392
N          5.787347314644    1.214916879558   -0.039397329373
H          5.660249761993   -2.054151023023    0.744920113648
H          7.534910892028    2.305304403670   -0.139717040992
H         -8.610089754885    0.628175457389   -0.074012850853
H          8.988303935765    0.341767991762    0.446114489173
   40
 SCF done     -72.02051834      0.01118711
N         -4.626837952240   -3.035820699380   -1.232408776166
C         -4.970832514826   -1.995326907989   -0.873559507543
C         -5.506143444454   -0.745931171905   -0.445590918037
C         -6.901398325788   -0.632618578074   -0.458288065595
C         -7.519414826179    0.541283412541   -0.063187104848
C         -6.741314438797    1.615391328784    0.350155754130
C         -5.359921816954    1.515158806513    0.367349974683
C         -4.703877553696    0.342701993721   -0.026428695055
H         -7.497055609553   -1.478477874134   -0.783229748134
H         -7.212058780992    2.539890960455    0.662592274446
H         -4.789233257002    2.375270311976    0.696690749024
C         -3.235317063933    0.248526581307   -0.003263189886
C         -2.395854359310    1.296081204032    0.405199647077
N         -1.081046758902    1.186640534415    0.420130398682
C         -0.532383098407    0.027108640682    0.027753050658
C         -1.368944857098   -1.018276011759   -0.382359872912
N         -2.685330417788   -0.907417498943   -0.396215873977
H         -2.790912618017    2.253260445899    0.730096138555
H         -0.968245719190   -1.973188238657   -0.710340096551
N          4.187770438300   -3.323655188460   -1.192449255144
C          3.699635988319   -2.365234970847   -0.779894355198
C          3.051108719327   -1.189195536829   -0.306741813041
C          1.653267808927   -1.168922630593   -0.333851988369
C          0.937211858578   -0.035913969338    0.056344012184
C          1.665274771768    1.089498479491    0.475261753609
C          3.045451485548    1.075108954134    0.500857083760
C          3.772236139266   -0.057355317174    0.121696522175
H          1.142606459977   -2.061953036234   -0.674324106423
H          1.126233220419    1.979204826478    0.780720684106
H          3.592600707338    1.954457558426    0.824709043776
C          5.244306888296    0.004393928274    0.189007334687
C          6.061993532785   -1.077488559600    0.520520123177
N          7.382679679496   -0.960421238167    0.607881803518
C          7.903238758719    0.237249248742    0.368882152532
C          7.096320214295    1.325304894666    0.052135726331
N          5.779642984098    1.213344521308   -0.031947183053
H          5.644335265712   -2.054419320468    0.741669301137
H          7.519748066837    2.306642844910   -0.136049250737
H         -8.600552698921    0.618969658177   -0.077047835670
H          8.981313123895    0.336227613570    0.438823896180
   40
 SCF done     -72.02069126      0.00767501
N         -4.632817820696   -3.036093820337   -1.237438978373
C         -4.955661557174   -1.993098525168   -0.866589483850
C         -5.491225077583   -0.742770493996   -0.443844172951
C         -6.886021790595   -0.634129776407   -0.458299781123
C         -7.508407939839    0.538107115718   -0.064197567041
C         -6.736332867267    1.615228784018    0.349828584769
C         -5.354734198644    1.519032120123    0.368788963927
C         -4.696798420843    0.348710968497   -0.023760359506
H         -7.476940498057   -1.483258643978   -0.783646644773
H         -7.210627097429    2.538580170475    0.661440465159
H         -4.783335797344    2.378041815136    0.697996280989
C         -3.231173852055    0.254407275362    0.000499791284
C         -2.391692724806    1.300132870567    0.408809094647
N         -1.076696183382    1.184483748552    0.420917598239
C         -0.531229518699    0.023475207797    0.026646674111
C         -1.368038564783   -1.019639335610   -0.381368321074
N         -2.685222367971   -0.902533910897   -0.392585324763
H         -2.782259651256    2.257993384263    0.734521948408
H         -0.971152148410   -1.975681497443   -0.709231037581
N          4.201733668186   -3.316594642354   -1.186636657243
C          3.702440429696   -2.363230520546   -0.775889451013
C          3.047673534183   -1.190034546381   -0.305544934385
C          1.651269844962   -1.171242633433   -0.336607621261
C          0.936003452882   -0.038423619733    0.053710953702
C          1.658836839597    1.088852151496    0.470416143007
C          3.038983611504    1.077388924330    0.497109197673
C          3.764805180420   -0.055977930734    0.124218666467
H          1.138523871203   -2.062090039263   -0.679636412586
H          1.117368907256    1.978412089314    0.772863517441
H          3.580999947499    1.961284060755    0.816720035130
C          5.234645600964    0.005093105741    0.193038942327
C          6.051488470285   -1.080066912925    0.519738364168
N          7.370766359223   -0.965125254353    0.601759159474
C          7.894310016355    0.233949262820    0.364000468336
C          7.090705430960    1.323843147767    0.057397976555
N          5.770967591528    1.213188866674   -0.022745689593
H          5.627470028798   -2.054106939343    0.739314492615
H          7.508056123024    2.307281220102   -0.128361820576
H         -8.589446733423    0.608931758555   -0.080445011291
H          8.973065901581    0.327780994789    0.428391738645
   40
 SCF done     -72.02072448      0.00549931
N         -4.634056327496   -3.038640933481   -1.227428654091
C         -4.944314048199   -1.985167583204   -0.877034855102
C         -5.483262931005   -0.740779491408   -0.441870736701
C         -6.877994480979   -0.635619695591   -0.458186600004
C         -7.503638794790    0.535192849716   -0.064747533956
C         -6.735646427664    1.614841157290    0.350114250019
C         -5.353850933388    1.520891791526    0.370534417520
C         -4.694086224741    0.351828813044   -0.020994794154
H         -7.467080231780   -1.485356545408   -0.785028746211
H         -7.212615570375    2.537127816775    0.660834564162
H         -4.783541618619    2.380442134111    0.699310601560
C         -3.229425195613    0.257858665956    0.002848950046
C         -2.390035539902    1.302475960007    0.410920326417
N         -1.075130249989    1.183595995832    0.420844162842
C         -0.531224887697    0.022239499618    0.025606125896
C         -1.367790536824   -1.020312934598   -0.380738592213
N         -2.685044936746   -0.899362401098   -0.389951042964
H         -2.779167617219    2.260011489352    0.737782390570
H         -0.972477765645   -1.976742638890   -0.708086467388
N          4.207831882538   -3.314063068558   -1.183970313894
C          3.705388229134   -2.362038798048   -0.774468880254
C          3.046668857396   -1.190661015135   -0.304427104398
C          1.650306960787   -1.173345053750   -0.338023819880
C          0.935355995932   -0.040549740357    0.051354795506
C          1.655894127365    1.088056190270    0.466407112852
C          3.035524914677    1.078562902034    0.494865890120
C          3.761431601172   -0.056046419062    0.125166871718
H          1.135987387419   -2.062789050037   -0.682257039559
H          1.113357980386    1.978057083688    0.765883653365
H          3.576701955613    1.963223349497    0.812594621856
C          5.229701852017    0.006267023967    0.195277852855
C          6.045366823001   -1.080231222759    0.519178946051
N          7.364652902848   -0.967534547762    0.597237577935
C          7.890025025240    0.231925839492    0.360543745882
C          7.087897089305    1.323633194559    0.061289815621
N          5.767173259856    1.214414090636   -0.017267977276
H          5.620682125883   -2.053642654846    0.739493438011
H          7.506015578147    2.307212951454   -0.120953979761
H         -8.584540631839    0.603596949451   -0.082372019092
H          8.969260401646    0.321528045669    0.421018834184
   40
 SCF done     -72.02076868      0.00495491
N         -4.632719901082   -3.034970380496   -1.233727878807
C         -4.938535280263   -1.986118773592   -0.866906248113
C         -5.480363326366   -0.739526090259   -0.441439700279
C         -6.875262832225   -0.636732204766   -0.458679553257
C         -7.502736088517    0.533230607773   -0.065824337859
C         -6.736884445134    1.614621954912    0.349466523240
C         -5.354939326737    1.522250401766    0.370616369169
C         -4.693809774730    0.353743795771   -0.020395724219
H         -7.463957086391   -1.486852607509   -0.784885790374
H         -7.215604722529    2.536048627825    0.659590216996
H         -4.786202872213    2.382635531898    0.699976013508
C         -3.229044292805    0.259499932309    0.004346343158
C         -2.389421614277    1.303619895051    0.412229212721
N         -1.074783928949    1.183717553613    0.420771080288
C         -0.531762688614    0.022412579693    0.025044993600
C         -1.368387128194   -1.020414071109   -0.380208554894
N         -2.685312013027   -0.897880411656   -0.388282973693
H         -2.778507185950    2.260852452626    0.739802411927
H         -0.973569775443   -1.976993464837   -0.707198364788
N          4.209659971301   -3.313797774754   -1.183248396164
C          3.706926975076   -2.361726791492   -0.774393737334
C          3.046801669156   -1.190863695245   -0.304080216598
C          1.650007822577   -1.174518002506   -0.338591504196
C          0.935063533043   -0.041592166713    0.049723602764
C          1.655220032320    1.087885193397    0.463653152549
C          3.034346376052    1.079191121155    0.493536199091
C          3.760683929460   -0.056355982806    0.124937075047
H          1.135118218323   -2.063619591621   -0.682771381291
H          1.112311480338    1.978296620662    0.761074684105
H          3.576588307008    1.963046174845    0.810845205891
C          5.228347348052    0.007191780890    0.196248164689
C          6.043078030851   -1.079699544797    0.518967013691
N          7.362907657341   -0.968749401598    0.594575031237
C          7.888960800479    0.230529112570    0.358551353499
C          7.087030700941    1.323730795476    0.063838115557
N          5.766524854626    1.215702081525   -0.014430968763
H          5.619676768536   -2.053400950866    0.740758931461
H          7.508011531644    2.306923743602   -0.115156296526
H         -8.583634898395    0.601128726848   -0.083509481635
H          8.968473174566    0.317653222366    0.416479202694
   40
 SCF done     -72.02078637      0.00321146
N         -4.631638983369   -3.034223086865   -1.234232927297
C         -4.935499444837   -1.985437065748   -0.864842923741
C         -5.480153696477   -0.739178096397   -0.440910371427
C         -6.875275936952   -0.637986420170   -0.459092538998
C         -7.503668303943    0.531467297159   -0.066654029554
C         -6.738846890875    1.613895541492    0.349028984551
C         -5.356811721737    1.523184046301    0.371093252804
C         -4.694613999478    0.354832601836   -0.019507356387
H         -7.463630362719   -1.488239290910   -0.785424528290
H         -7.218963828810    2.534634284377    0.658590734582
H         -4.789601128742    2.384708727827    0.700802092544
C         -3.229306735932    0.260551351703    0.005443592712
C         -2.389003382851    1.304501188499    0.413165863340
N         -1.074606820288    1.184728167092    0.420825387725
C         -0.532405144489    0.023434934660    0.024793841061
C         -1.369726602143   -1.019862930552   -0.379681912248
N         -2.686225419035   -0.897194796487   -0.387227915062
H         -2.778403741852    2.261612411201    0.741442828366
H         -0.975164138637   -1.976723364522   -0.706435896998
N          4.210898388364   -3.313508808237   -1.183459454073
C          3.705891506542   -2.362582333098   -0.774537436809
C          3.047090842609   -1.190640573851   -0.304745272143
C          1.649928928754   -1.174607232091   -0.338812506706
C          0.934933821251   -0.041391303453    0.048532730212
C          1.655730635335    1.088664189625    0.461518579163
C          3.034556036961    1.079722104935    0.492283975883
C          3.761235397641   -0.056355283378    0.123836855668
H          1.135413612782   -2.064345739482   -0.681876247619
H          1.112641168185    1.979282132892    0.757674040847
H          3.578307015568    1.962613606425    0.809734283316
C          5.229114587687    0.007510716530    0.196554813617
C          6.043237772566   -1.079572460675    0.518922814741
N          7.363702587951   -0.969855545580    0.592976036152
C          7.889722381642    0.228982381134    0.357428686475
C          7.087347698027    1.323531247788    0.065875701741
N          5.767561455383    1.216476841229   -0.012507583521
H          5.620928008087   -2.053594809968    0.742211212880
H          7.510898216132    2.306534011303   -0.110098026657
H         -8.584700552109    0.599402750334   -0.084535174958
H          8.969406773662    0.315128607072    0.413145582195
   40
 SCF done     -72.02079778      0.00159817
N         -4.630536584966   -3.033684159272   -1.232916695163
C         -4.930562499925   -1.983556400557   -0.864096508100
C         -5.479068242808   -0.738737458868   -0.439941745867
C         -6.874394048803   -0.640135656807   -0.459689223615
C         -7.504408368014    0.528529452721   -0.067916873290
C         -6.741442978307    1.612390536855    0.348382216452
C         -5.359267534765    1.524516344602    0.372079157968
C         -4.695356341168    0.356675253003   -0.017795351797
H         -7.461437803555   -1.491065188698   -0.786596057159
H         -7.223936960949    2.532125606855    0.657051464681
H         -4.794059304958    2.387474481677    0.702163187357
C         -3.229659434665    0.262642381443    0.007405567390
C         -2.388441474533    1.306218704605    0.414860919661
N         -1.074126393008    1.186301789211    0.421083877865
C         -0.533007187229    0.024932673747    0.024433075874
C         -1.371449309715   -1.018674650461   -0.378728936896
N         -2.687593881108   -0.895643247586   -0.385390010073
H         -2.777941152110    2.263191075106    0.744138111375
H         -0.977501275376   -1.976007257198   -0.705172819215
N          4.209999628037   -3.314053897852   -1.183132916196
C          3.706285075078   -2.362178745717   -0.775097812058
C          3.047369144199   -1.190164772697   -0.305426202319
C          1.649846749755   -1.174307039608   -0.339285748764
C          0.934752684674   -0.040643627631    0.046599515160
C          1.656159742982    1.090217606120    0.457955719699
C          3.034697956327    1.080822031655    0.489849032666
C          3.761690773741   -0.055932106013    0.122754034274
H          1.135990407383   -2.065085354876   -0.680687998376
H          1.112678489709    1.981109064374    0.752364353945
H          3.579792841938    1.963091738118    0.807055128390
C          5.229850883270    0.007593928490    0.197432902957
C          6.043142705660   -1.080145633889    0.518746711753
N          7.364355940599   -0.972139354990    0.590273139166
C          7.890668322134    0.226141151507    0.355585093169
C          7.088025203042    1.322772253381    0.069354932468
N          5.768866955227    1.217128705297   -0.008683176051
H          5.621283987801   -2.054186878748    0.743424669267
H          7.514009417882    2.305804795118   -0.102151734412
H         -8.585612207781    0.595700233701   -0.086576045989
H          8.970636074158    0.311061623834    0.407592831896
   40
 SCF done     -72.02080225      0.00123296
N         -4.630184445095   -3.033707852624   -1.231796375666
C         -4.928132918752   -1.982599535617   -0.863979552118
C         -5.478287071184   -0.738647748713   -0.439335070130
C         -6.873631111481   -0.641570578687   -0.460065202981
C         -7.504779892307    0.526635360171   -0.068741542815
C         -6.742997209549    1.611136028037    0.347935319215
C         -5.360720468450    1.524981302754    0.372714667781
C         -4.695670836732    0.357649684572   -0.016683097859
H         -7.459407334073   -1.493216353905   -0.787447973905
H         -7.226969289372    2.530321788537    0.656083522241
H         -4.796520137792    2.388550620651    0.703012160850
C         -3.229981270359    0.264068980543    0.008724138106
C         -2.388473088998    1.307465009337    0.416014489734
N         -1.074028087913    1.187569476956    0.421444191939
C         -0.533105077813    0.026228186162    0.024396533955
C         -1.372036882797   -1.017410127231   -0.377992766481
N         -2.688162882559   -0.894375123161   -0.384153086570
H         -2.777967009574    2.264310005967    0.745779182417
H         -0.978362454173   -1.974933497448   -0.704318536294
N          4.209748070126   -3.313952266048   -1.182794200093
C          3.705303450153   -2.362246560209   -0.774950258276
C          3.047161772379   -1.189667179809   -0.305840514603
C          1.649627505158   -1.173430154808   -0.339439303252
C          0.934690451408   -0.039412201611    0.045639268404
C          1.656572591628    1.091689957601    0.455747991001
C          3.035109379051    1.081688506942    0.488015920084
C          3.761958285940   -0.055491488549    0.122179303280
H          1.136083665192   -2.064789341194   -0.679886762145
H          1.113088884863    1.982912455798    0.749146322909
H          3.580438652690    1.964076940580    0.804757672224
C          5.230275783225    0.007135416257    0.197994058896
C          6.043150380843   -1.081165630088    0.518347154171
N          7.364652475398   -0.974003974586    0.588528951162
C          7.891403872586    0.224012419313    0.354609528011
C          7.088912452926    1.321852918317    0.071661179419
N          5.769835043588    1.216933422197   -0.005988529888
H          5.620843497792   -2.054968362825    0.743113653049
H          7.515402866112    2.305064111198   -0.097416636535
H         -8.586050658553    0.592866078322   -0.088155571316
H          8.971509046318    0.308539306850    0.404439560167
   40
 SCF done     -72.02080753      0.00106656
N         -4.629244617557   -3.033782344228   -1.230263248283
C         -4.925484785560   -1.981886367689   -0.863343963772
C         -5.477362826986   -0.738844556152   -0.438513428979
C         -6.872679205459   -0.643817502937   -0.460678430372
C         -7.505629109195    0.523732584365   -0.070070981255
C         -6.745519990491    1.608960348251    0.347195761731
C         -5.363074888198    1.525021362051    0.373541411179
C         -4.696226268420    0.358590070069   -0.015160247693
H         -7.456446571763   -1.496605220110   -0.788746038073
H         -7.231476873783    2.527430745804    0.654646327552
H         -4.800246242971    2.389294036517    0.704236971253
C         -3.230612421522    0.266038013324    0.010646341860
C         -2.389066608138    1.309382768817    0.417701347070
N         -1.074335523146    1.189931934589    0.422152251987
C         -0.533047927363    0.028817069111    0.024571208214
C         -1.372280222438   -1.014939166564   -0.376799999976
N         -2.688491762075   -0.892346870765   -0.382309875899
H         -2.778744916001    2.265937543290    0.748048282455
H         -0.978660573499   -1.972527790094   -0.703040446082
N          4.206896093155   -3.314451528662   -1.182167790813
C          3.703946960216   -2.361831633847   -0.774683550459
C          3.046775619057   -1.188683985105   -0.305993719193
C          1.649278214624   -1.171401672292   -0.339337602461
C          0.934724902421   -0.036703237262    0.044535302979
C          1.657555018765    1.094489419181    0.452570841292
C          3.036216426134    1.083266081393    0.485184431138
C          3.762596582006   -0.054670123069    0.121603240239
H          1.135930051568   -2.063389073793   -0.678555044087
H          1.114540855420    1.986506351570    0.744494562114
H          3.581601104028    1.966070898997    0.800940710769
C          5.231080522013    0.006142839847    0.198798323231
C          6.043368528890   -1.083152089786    0.517241516299
N          7.365159285842   -0.977189083099    0.585837368119
C          7.892817423875    0.220514512200    0.353490219589
C          7.090863519344    1.320057651317    0.075094415848
N          5.771707144824    1.216181110751   -0.001987492774
H          5.620117913131   -2.056634889263    0.741272626671
H          7.517637037588    2.303568351853   -0.090740835478
H         -8.586956236264    0.588395418123   -0.090749948556
H          8.973074367780    0.304628023246    0.400638970703
   40
 SCF done     -72.02081194      0.00097787
N         -4.627494054525   -3.033974993516   -1.228918274018
C         -4.923672562166   -1.982006142064   -0.862318480785
C         -5.476552988401   -0.739409606057   -0.437852721887
C         -6.871847831612   -0.646033073802   -0.461308193611
C         -7.506567719000    0.520897537544   -0.071402580794
C         -6.747946041915    1.606709723087    0.346496959215
C         -5.365345058349    1.524376692258    0.374186920419
C         -4.696750641921    0.358863851839   -0.013927472988
H         -7.453880844432   -1.499782942700   -0.789948285687
H         -7.235399108136    2.524629448522    0.653406377730
H         -4.803687891818    2.389159314177    0.705362014482
C         -3.231180982724    0.267631015285    0.012324309219
C         -2.390029705399    1.311246569072    0.419204831235
N         -1.075025941379    1.192664467083    0.422970532513
C         -0.532886100235    0.031946007243    0.024961091107
C         -1.371850176269   -1.012148851479   -0.375678886733
N         -2.688188927545   -0.890402281584   -0.380671365179
H         -2.780147012042    2.267435024003    0.749970747136
H         -0.977883626428   -1.969566293750   -0.701937352313
N          4.203328547163   -3.315023450913   -1.181388926230
C          3.701751127267   -2.361629321746   -0.773889525891
C          3.046155242791   -1.187476605129   -0.305708766030
C          1.648764536033   -1.168851973707   -0.338877024286
C          0.934834050834   -0.033338544666    0.043916899412
C          1.658767633127    1.097736145029    0.449826574771
C          3.037613073534    1.085136673270    0.482590227127
C          3.763263669697   -0.053758767653    0.121208310467
H          1.135090259022   -2.061022899841   -0.677166729542
H          1.116709612751    1.990844073238    0.740296029576
H          3.583018940021    1.968380422735    0.797125559044
C          5.231780685762    0.005132541826    0.199367745030
C          6.043472093618   -1.085342791069    0.515446084962
N          7.365390530132   -0.980620042302    0.583067537027
C          7.894158847644    0.216942659983    0.352799615827
C          7.093038989311    1.317992159707    0.078241286243
N          5.773660680296    1.215198125752    0.001548773544
H          5.619274909251   -2.058698915722    0.737957646740
H          7.519951810959    2.301749494470   -0.084977558677
H         -8.587916418819    0.584072261690   -0.093332122294
H          8.974528393754    0.300443289839    0.398327982211
   40
 SCF done     -72.02081718      0.00113135
N         -4.623811408735   -3.034504837286   -1.227140215994
C         -4.921460916635   -1.982949110515   -0.860608477360
C         -5.475371402061   -0.740583131360   -0.437103998166
C         -6.870707387848   -0.649104112034   -0.462197534228
C         -7.507735336179    0.516977649573   -0.073223767395
C         -6.751001892966    1.603600816319    0.345632741402
C         -5.368233475686    1.522952812266    0.374938422549
C         -4.697357944604    0.358620842566   -0.012515426645
H         -7.450860125940   -1.503853829310   -0.791496954232
H         -7.240008998509    2.520902500739    0.651958421008
H         -4.808058566498    2.388366915203    0.706842360769
C         -3.231717756997    0.269440928805    0.014343448236
C         -2.391448810738    1.313787748294    0.421051434663
N         -1.076149828734    1.196767223619    0.424118313613
C         -0.532673435473    0.036700077878    0.025614925351
C         -1.370777503580   -1.008183062971   -0.374319933061
N         -2.687250934441   -0.887915996736   -0.378711244594
H         -2.782467796049    2.269425072964    0.752274864295
H         -0.976005922775   -1.965184135444   -0.700702237877
N          4.197066857694   -3.316147338131   -1.179969257473
C          3.698482677399   -2.361247323924   -0.772369218943
C          3.045146835535   -1.185580501466   -0.304808103857
C          1.647906109820   -1.165047351392   -0.337897780078
C          0.935015841153   -0.028276688318    0.043451583353
C          1.660485132622    1.102607803312    0.446495638920
C          3.039547304057    1.088120106903    0.479377851749
C          3.764043474463   -0.052321666503    0.120818790622
H          1.133242657702   -2.057048286766   -0.675099085010
H          1.120048072152    1.997385871848    0.734986792545
H          3.585296827242    1.971760364695    0.792080564775
C          5.232492227577    0.004072512367    0.199839695057
C          6.043214967203   -1.088335085302    0.512167960568
N          7.365205838228   -0.985571717712    0.579026487423
C          7.895669839778    0.211974712067    0.352216919565
C          7.095949208906    1.314993527236    0.082284965225
N          5.776235522568    1.213951036652    0.005861591224
H          5.617889465845   -2.061801109085    0.731924829317
H          7.523380183626    2.298944214872   -0.077794840138
H         -8.589106883618    0.578356733318   -0.096773521671
H          8.976187284347    0.294045812710    0.396722782585
   40
 SCF done     -72.02082192      0.00123533
N         -4.618384739724   -3.035261739427   -1.225078062939
C         -4.918901960192   -1.984456693079   -0.858802698570
C         -5.473915164456   -0.742177094050   -0.436489870760
C         -6.869378083950   -0.652334048230   -0.463126396377
C         -7.508542427447    0.512877651901   -0.075032245684
C         -6.753633195899    1.600405115554    0.344897799186
C         -5.370769040971    1.521157876157    0.375642278899
C         -4.697766345478    0.357895227137   -0.011308910243
H         -7.448147797802   -1.507768506371   -0.793005791367
H         -7.243834991884    2.517167888626    0.650787795313
H         -4.812001107260    2.387195868490    0.708324481846
C         -3.231925870686    0.271004829546    0.016110224727
C         -2.392811988756    1.316412377217    0.422701890967
N         -1.077293003290    1.201227279423    0.425236620608
C         -0.532534458622    0.041868203479    0.026313958648
C         -1.369401043571   -1.004116206308   -0.373199488835
N         -2.685949871934   -0.885564542215   -0.377067755364
H         -2.785017726420    2.271459242716    0.754291183392
H         -0.973593302765   -1.960572394712   -0.699807559826
N          4.189915368391   -3.317480852399   -1.178034564007
C          3.694603090128   -2.360941968842   -0.770276093307
C          3.043891630232   -1.183372619887   -0.303588478124
C          1.646808980905   -1.160983908593   -0.336601049861
C          0.935163203640   -0.022832345246    0.043266241984
C          1.662105364511    1.107941048573    0.443532693711
C          3.041299702437    1.091614521494    0.476432280808
C          3.764508397710   -0.050572290293    0.120377950606
H          1.130707104619   -2.052542738465   -0.672657230019
H          1.123373902595    2.004409605786    0.730070734187
H          3.587906364720    1.975340997734    0.787206748115
C          5.232833948835    0.003478445655    0.199874659792
C          6.042288676713   -1.091271283505    0.507973574844
N          7.364299093681   -0.990846476717    0.574625789578
C          7.896672773786    0.206814122205    0.351938689064
C          7.098632458773    1.311824242668    0.086164548204
N          5.778603316877    1.212972608841    0.009726614666
H          5.615923189088   -2.065065133502    0.724361855999
H          7.527156291338    2.295774729247   -0.070944414392
H         -8.589943624292    0.572737569723   -0.100092557323
H          8.977352886270    0.286681389621    0.396554339945
   40
 SCF done     -72.02082523      0.00106811
N         -4.612704272831   -3.036027852547   -1.223178728691
C         -4.916271762421   -1.985846799377   -0.857500876720
C         -5.472455085739   -0.743662109942   -0.436151856568
C         -6.868076531737   -0.654840351563   -0.463801960915
C         -7.508556607655    0.509731457751   -0.076251597700
C         -6.754953272271    1.598020172226    0.344536283725
C         -5.372094653001    1.519729237403    0.376161355956
C         -4.697772069588    0.357105817909   -0.010593900500
H         -7.446262035695   -1.510522231669   -0.794046653326
H         -7.245841097887    2.514404203626    0.650250595744
H         -4.814274408241    2.386224808422    0.709397685901
C         -3.231708427396    0.272018544245    0.017126130158
C         -2.393601801490    1.318408056414    0.423665549866
N         -1.077985532507    1.204643249523    0.425925951668
C         -0.532526183048    0.045787708633    0.026769213061
C         -1.368286921406   -1.001189337715   -0.372705389141
N         -2.684822411779   -0.883959716885   -0.376253270141
H         -2.786858270099    2.273013443819    0.755433616872
H         -0.971639134728   -1.957184358931   -0.699584522362
N          4.183771873268   -3.318745948068   -1.176084584730
C          3.691450088109   -2.360668052139   -0.768369648583
C          3.042792127206   -1.181496460401   -0.302580613607
C          1.645806495776   -1.157959139914   -0.335425455655
C          0.935194579480   -0.018757321614    0.043287559263
C          1.663007059623    1.112100348684    0.441739342308
C          3.042183534259    1.094595569029    0.474514018230
C          3.764413542385   -0.048915752736    0.119858040865
H          1.128443269518   -2.049141633254   -0.670398956565
H          1.125294057734    2.009590524822    0.726992351939
H          3.589959490936    1.978046954488    0.783919260353
C          5.232651014061    0.003605404890    0.199378796357
C          6.040779293349   -1.093217539722    0.504172511688
N          7.362797927046   -0.994873624376    0.571213270562
C          7.896776345816    0.202901858822    0.352016975326
C          7.100230464746    1.309443307417    0.088819008683
N          5.780032498218    1.212667156402    0.012070682213
H          5.613580963572   -2.067323330416    0.717675441139
H          7.530229764875    2.293170954168   -0.066108687648
H         -8.589993355814    0.568773484972   -0.102245998386
H          8.977589445208    0.280449297555    0.397658847451
